SF:/mnt/c/Users/amitp/source/github/Shabdkosh/Shabdkosh/Program.cs
FN:15,System.Void Shabdkosh.Program::Main(System.String[])
FNDA:0,System.Void Shabdkosh.Program::Main(System.String[])
DA:16,0
DA:17,0
FN:19,Microsoft.Extensions.Hosting.IHostBuilder Shabdkosh.Program::CreateHostBuilder(System.String[])
FNDA:1,Microsoft.Extensions.Hosting.IHostBuilder Shabdkosh.Program::CreateHostBuilder(System.String[])
DA:20,1
DA:21,1
DA:22,1
DA:23,2
DA:24,2
LF:7
LH:5
BRF:0
BRH:0
FNF:2
FNH:1
end_of_record
SF:/mnt/c/Users/amitp/source/github/Shabdkosh/Shabdkosh/Startup.cs
FN:21,Microsoft.Extensions.Configuration.IConfiguration Shabdkosh.Startup::get_Configuration()
FNDA:0,Microsoft.Extensions.Configuration.IConfiguration Shabdkosh.Startup::get_Configuration()
DA:22,0
FN:26,System.Void Shabdkosh.Startup::ConfigureServices(Microsoft.Extensions.DependencyInjection.IServiceCollection)
FNDA:1,System.Void Shabdkosh.Startup::ConfigureServices(Microsoft.Extensions.DependencyInjection.IServiceCollection)
DA:27,1
DA:28,1
DA:29,1
DA:30,2
DA:31,2
DA:33,1
DA:36,1
DA:37,1
DA:39,1
FN:43,System.Void Shabdkosh.Startup::Configure(Microsoft.AspNetCore.Builder.IApplicationBuilder,Microsoft.AspNetCore.Hosting.IWebHostEnvironment)
FNDA:1,System.Void Shabdkosh.Startup::Configure(Microsoft.AspNetCore.Builder.IApplicationBuilder,Microsoft.AspNetCore.Hosting.IWebHostEnvironment)
DA:44,1
DA:46,1
DA:49,1
DA:50,2
DA:52,1
DA:55,1
DA:57,1
DA:59,1
DA:60,1
DA:61,2
DA:62,2
DA:63,1
BRDA:44,6,0,1
BRDA:44,6,1,1
FN:16,System.Void Shabdkosh.Startup::.ctor(Microsoft.Extensions.Configuration.IConfiguration)
FNDA:1,System.Void Shabdkosh.Startup::.ctor(Microsoft.Extensions.Configuration.IConfiguration)
DA:17,1
DA:19,1
DA:20,1
LF:25
LH:24
BRF:2
BRH:2
FNF:4
FNH:3
end_of_record
SF:/mnt/c/Users/amitp/source/github/Shabdkosh/Shabdkosh/TextOperations/TextOperation.cs
FN:17,System.Collections.Generic.Dictionary`2<System.String,System.Int32> Shabdkosh.TextOperations.TextOperation::Text2DictWordOccurance(System.String)
FNDA:10,System.Collections.Generic.Dictionary`2<System.String,System.Int32> Shabdkosh.TextOperations.TextOperation::Text2DictWordOccurance(System.String)
DA:18,10
DA:19,10
DA:20,10
DA:21,10
DA:23,10
DA:25,900400
DA:27,450190
DA:29,392590
DA:30,392590
DA:34,57600
DA:38,10
BRDA:25,115,1,450190
BRDA:27,69,0,392590
BRDA:27,69,1,57600
BRDA:25,115,0,10
FN:44,System.String Shabdkosh.TextOperations.TextOperation::GetDefinition(System.String)
FNDA:7,System.String Shabdkosh.TextOperations.TextOperation::GetDefinition(System.String)
DA:45,7
DA:47,7
DA:50,7
DA:52,7
DA:54,7
DA:56,7
DA:62,7
FN:13,System.Void Shabdkosh.TextOperations.TextOperation::.ctor()
FNDA:7,System.Void Shabdkosh.TextOperations.TextOperation::.ctor()
DA:14,7
FN:65,System.Void Shabdkosh.TextOperations.TextOperation/<GetDefinitionAsync>d__3::MoveNext()
FNDA:2,System.Void Shabdkosh.TextOperations.TextOperation/<GetDefinitionAsync>d__3::MoveNext()
DA:66,2
DA:68,2
DA:71,2
DA:73,2
DA:75,2
DA:77,2
DA:83,2
LF:26
LH:26
BRF:4
BRH:4
FNF:4
FNH:4
end_of_record
SF:/mnt/c/Users/amitp/source/github/Shabdkosh/Shabdkosh/Services/ShabdkoshService.cs
FN:30,System.Collections.Generic.IEnumerable`1<Shabdkosh.Models.Shabd> Shabdkosh.Services.ShabdkoshService::TopWords(System.Int32)
FNDA:5761,System.Collections.Generic.IEnumerable`1<Shabdkosh.Models.Shabd> Shabdkosh.Services.ShabdkoshService::TopWords(System.Int32)
DA:31,5761
DA:32,5761
DA:33,1
DA:34,6
DA:35,6
DA:36,6
DA:37,6
DA:38,6
DA:39,6
FN:43,Shabdkosh.Models.Shabd Shabdkosh.Services.ShabdkoshService::SearchAWord(System.String)
FNDA:3,Shabdkosh.Models.Shabd Shabdkosh.Services.ShabdkoshService::SearchAWord(System.String)
DA:44,3
DA:45,3
DA:46,3
DA:47,3
DA:48,3
DA:49,3
FN:21,System.Void Shabdkosh.Services.ShabdkoshService::.ctor(Shabdkosh.Persistence.ITextFileRepository,Shabdkosh.TextOperations.ITextOperation)
FNDA:6,System.Void Shabdkosh.Services.ShabdkoshService::.ctor(Shabdkosh.Persistence.ITextFileRepository,Shabdkosh.TextOperations.ITextOperation)
DA:22,6
DA:24,6
DA:25,6
DA:26,6
DA:27,6
LF:20
LH:20
BRF:0
BRH:0
FNF:3
FNH:3
end_of_record
SF:/mnt/c/Users/amitp/source/github/Shabdkosh/Shabdkosh/Queries/FindDefinitionByKeywordQuery.cs
FN:7,System.String Shabdkosh.Queries.FindDefinitionByKeywordQuery::get_Keyword()
FNDA:8,System.String Shabdkosh.Queries.FindDefinitionByKeywordQuery::get_Keyword()
DA:8,8
LF:1
LH:1
BRF:0
BRH:0
FNF:1
FNH:1
end_of_record
SF:/mnt/c/Users/amitp/source/github/Shabdkosh/Shabdkosh/Services/FindDefinitionByKeywordHandler.cs
FN:16,System.Void Shabdkosh.Queries.FindDefinitionByKeywordHandler::.ctor(Shabdkosh.Persistence.ITextFileRepository,Shabdkosh.TextOperations.ITextOperation)
FNDA:4,System.Void Shabdkosh.Queries.FindDefinitionByKeywordHandler::.ctor(Shabdkosh.Persistence.ITextFileRepository,Shabdkosh.TextOperations.ITextOperation)
DA:17,4
DA:19,4
DA:20,4
DA:22,4
BRDA:19,9,0,0
BRDA:19,9,1,4
BRDA:20,31,0,0
BRDA:20,31,1,4
FN:25,System.Void Shabdkosh.Queries.FindDefinitionByKeywordHandler/<Handle>d__3::MoveNext()
FNDA:4,System.Void Shabdkosh.Queries.FindDefinitionByKeywordHandler/<Handle>d__3::MoveNext()
DA:26,4
DA:27,4
DA:28,4
DA:30,4
DA:31,4
DA:32,4
DA:33,4
DA:34,4
DA:35,4
DA:36,2
BRDA:30,67,0,4
BRDA:30,67,1,0
LF:14
LH:14
BRF:6
BRH:3
FNF:2
FNH:2
end_of_record
SF:/mnt/c/Users/amitp/source/github/Shabdkosh/Shabdkosh/Persistence/TextFileRepository.cs
FN:11,System.String Shabdkosh.Persistence.TextFileRepository::ReadTextFile()
FNDA:10,System.String Shabdkosh.Persistence.TextFileRepository::ReadTextFile()
DA:12,10
DA:13,20
DA:15,10
DA:17,10
DA:19,0
DA:21,10
DA:23,10
DA:27,10
BRDA:17,66,0,0
BRDA:17,66,1,10
LF:8
LH:7
BRF:2
BRH:1
FNF:1
FNH:1
end_of_record
SF:/mnt/c/Users/amitp/source/github/Shabdkosh/Shabdkosh/Models/Shabd.cs
FN:4,System.String Shabdkosh.Models.Shabd::get_Word()
FNDA:15,System.String Shabdkosh.Models.Shabd::get_Word()
DA:5,15
FN:6,System.Int32 Shabdkosh.Models.Shabd::get_Occurance()
FNDA:11,System.Int32 Shabdkosh.Models.Shabd::get_Occurance()
DA:7,11
FN:8,System.String Shabdkosh.Models.Shabd::get_Definition()
FNDA:13,System.String Shabdkosh.Models.Shabd::get_Definition()
DA:9,13
LF:3
LH:3
BRF:0
BRH:0
FNF:3
FNH:3
end_of_record
SF:/mnt/c/Users/amitp/source/github/Shabdkosh/Shabdkosh/Helpers/ErrorHandlerMiddleware.cs
FN:15,System.Void Shabdkosh.Helpers.ErrorHandlerMiddleware::.ctor(Microsoft.AspNetCore.Http.RequestDelegate)
FNDA:1,System.Void Shabdkosh.Helpers.ErrorHandlerMiddleware::.ctor(Microsoft.AspNetCore.Http.RequestDelegate)
DA:16,1
DA:18,1
DA:19,1
FN:24,System.Void Shabdkosh.Helpers.ErrorHandlerMiddleware/<Invoke>d__2::MoveNext()
FNDA:2,System.Void Shabdkosh.Helpers.ErrorHandlerMiddleware/<Invoke>d__2::MoveNext()
DA:25,2
DA:26,1
DA:27,1
DA:29,1
DA:30,1
DA:36,0
DA:37,0
DA:40,1
DA:41,1
DA:44,0
DA:48,1
DA:49,1
DA:51,2
BRDA:27,167,0,1
BRDA:30,221,0,1
BRDA:30,221,1,0
BRDA:30,234,1,1
BRDA:30,234,0,0
BRDA:48,280,0,0
BRDA:48,280,1,1
BRDA:27,167,1,2
FN:55,System.Void Shabdkosh.Helpers.AppException::.ctor()
FNDA:0,System.Void Shabdkosh.Helpers.AppException::.ctor()
DA:56,0
FN:57,System.Void Shabdkosh.Helpers.AppException::.ctor(System.String)
FNDA:0,System.Void Shabdkosh.Helpers.AppException::.ctor(System.String)
DA:58,0
FN:60,System.Void Shabdkosh.Helpers.AppException::.ctor(System.String,System.Object[])
FNDA:0,System.Void Shabdkosh.Helpers.AppException::.ctor(System.String,System.Object[])
DA:61,0
DA:63,0
LF:20
LH:13
BRF:8
BRH:5
FNF:5
FNH:2
end_of_record
SF:/mnt/c/Users/amitp/source/github/Shabdkosh/Shabdkosh/Controllers/DefaultController.cs
FN:12,Microsoft.AspNetCore.Mvc.IActionResult Shabdkosh.Controllers.DefaultController::Index()
FNDA:0,Microsoft.AspNetCore.Mvc.IActionResult Shabdkosh.Controllers.DefaultController::Index()
DA:13,0
LF:1
LH:0
BRF:0
BRH:0
FNF:1
FNH:0
end_of_record
SF:/mnt/c/Users/amitp/source/github/Shabdkosh/Shabdkosh/Controllers/ShabdkoshController.cs
FN:24,System.Void Shabdkosh.Controllers.ShabdkoshController::.ctor(MediatR.IMediator)
FNDA:2,System.Void Shabdkosh.Controllers.ShabdkoshController::.ctor(MediatR.IMediator)
DA:25,2
DA:27,2
DA:28,2
BRDA:27,9,0,0
BRDA:27,9,1,2
FN:55,System.Void Shabdkosh.Controllers.ShabdkoshController/<GetByKeyword>d__2::MoveNext()
FNDA:2,System.Void Shabdkosh.Controllers.ShabdkoshController/<GetByKeyword>d__2::MoveNext()
DA:56,2
DA:57,1
DA:58,1
LF:6
LH:6
BRF:2
BRH:1
FNF:2
FNH:2
end_of_record