SF:/mnt/c/Users/amitp/OneDrive/Documents/GitHub/Shabdkosh/Shabdkosh/Program.cs
FN:9,System.Void Shabdkosh.Program::Main(System.String[])
FNDA:0,System.Void Shabdkosh.Program::Main(System.String[])
DA:10,0
DA:11,0
FN:13,Microsoft.Extensions.Hosting.IHostBuilder Shabdkosh.Program::CreateHostBuilder(System.String[])
FNDA:1,Microsoft.Extensions.Hosting.IHostBuilder Shabdkosh.Program::CreateHostBuilder(System.String[])
DA:14,1
DA:15,1
DA:16,1
DA:17,2
DA:18,2
LF:7
LH:5
BRF:0
BRH:0
FNF:2
FNH:1
end_of_record
SF:/mnt/c/Users/amitp/OneDrive/Documents/GitHub/Shabdkosh/Shabdkosh/Startup.cs
FN:21,Microsoft.Extensions.Configuration.IConfiguration Shabdkosh.Startup::get_Configuration()
FNDA:0,Microsoft.Extensions.Configuration.IConfiguration Shabdkosh.Startup::get_Configuration()
DA:22,0
FN:26,System.Void Shabdkosh.Startup::ConfigureServices(Microsoft.Extensions.DependencyInjection.IServiceCollection)
FNDA:1,System.Void Shabdkosh.Startup::ConfigureServices(Microsoft.Extensions.DependencyInjection.IServiceCollection)
DA:27,1
DA:28,1
DA:29,1
DA:30,2
DA:31,2
DA:33,1
DA:36,1
DA:37,1
DA:39,1
FN:43,System.Void Shabdkosh.Startup::Configure(Microsoft.AspNetCore.Builder.IApplicationBuilder,Microsoft.AspNetCore.Hosting.IWebHostEnvironment)
FNDA:1,System.Void Shabdkosh.Startup::Configure(Microsoft.AspNetCore.Builder.IApplicationBuilder,Microsoft.AspNetCore.Hosting.IWebHostEnvironment)
DA:44,1
DA:46,1
DA:49,1
DA:50,2
DA:52,1
DA:55,1
DA:57,1
DA:59,1
DA:60,1
DA:61,2
DA:62,2
DA:63,1
BRDA:44,6,0,1
BRDA:44,6,1,1
FN:16,System.Void Shabdkosh.Startup::.ctor(Microsoft.Extensions.Configuration.IConfiguration)
FNDA:1,System.Void Shabdkosh.Startup::.ctor(Microsoft.Extensions.Configuration.IConfiguration)
DA:17,1
DA:19,1
DA:20,1
LF:25
LH:24
BRF:2
BRH:2
FNF:4
FNH:3
end_of_record
SF:/mnt/c/Users/amitp/OneDrive/Documents/GitHub/Shabdkosh/Shabdkosh/TextOperations/TextOperation.cs
FN:14,System.Collections.Generic.Dictionary`2<System.String,System.Int32> Shabdkosh.TextOperations.TextOperation::Text2DictWordOccurance(System.String)
FNDA:10,System.Collections.Generic.Dictionary`2<System.String,System.Int32> Shabdkosh.TextOperations.TextOperation::Text2DictWordOccurance(System.String)
DA:15,10
DA:16,10
DA:17,10
DA:18,10
DA:20,10
DA:22,900400
DA:24,450190
DA:26,392590
DA:27,392590
DA:31,57600
DA:35,10
BRDA:22,115,1,450190
BRDA:24,69,0,392590
BRDA:24,69,1,57600
BRDA:22,115,0,10
FN:41,System.String Shabdkosh.TextOperations.TextOperation::GetDefinition(System.String)
FNDA:7,System.String Shabdkosh.TextOperations.TextOperation::GetDefinition(System.String)
DA:42,7
DA:44,7
DA:47,7
DA:49,7
DA:51,7
DA:53,7
DA:59,7
FN:10,System.Void Shabdkosh.TextOperations.TextOperation::.ctor()
FNDA:7,System.Void Shabdkosh.TextOperations.TextOperation::.ctor()
DA:11,7
FN:62,System.Void Shabdkosh.TextOperations.TextOperation/<GetDefinitionAsync>d__3::MoveNext()
FNDA:2,System.Void Shabdkosh.TextOperations.TextOperation/<GetDefinitionAsync>d__3::MoveNext()
DA:63,2
DA:65,2
DA:68,2
DA:70,2
DA:72,2
DA:74,2
DA:80,2
LF:26
LH:26
BRF:4
BRH:4
FNF:4
FNH:4
end_of_record
SF:/mnt/c/Users/amitp/OneDrive/Documents/GitHub/Shabdkosh/Shabdkosh/Services/ShabdkoshService.cs
FN:28,System.Collections.Generic.IEnumerable`1<Shabdkosh.Models.Shabd> Shabdkosh.Services.ShabdkoshService::TopWords(System.Int32)
FNDA:5761,System.Collections.Generic.IEnumerable`1<Shabdkosh.Models.Shabd> Shabdkosh.Services.ShabdkoshService::TopWords(System.Int32)
DA:29,5761
DA:30,5761
DA:31,1
DA:32,6
DA:33,6
DA:34,6
DA:35,6
DA:36,6
DA:37,6
FN:41,Shabdkosh.Models.Shabd Shabdkosh.Services.ShabdkoshService::SearchAWord(System.String)
FNDA:3,Shabdkosh.Models.Shabd Shabdkosh.Services.ShabdkoshService::SearchAWord(System.String)
DA:42,3
DA:43,3
DA:44,3
DA:45,3
DA:46,3
DA:47,3
FN:19,System.Void Shabdkosh.Services.ShabdkoshService::.ctor(Shabdkosh.Persistence.ITextFileRepository,Shabdkosh.TextOperations.ITextOperation)
FNDA:6,System.Void Shabdkosh.Services.ShabdkoshService::.ctor(Shabdkosh.Persistence.ITextFileRepository,Shabdkosh.TextOperations.ITextOperation)
DA:20,6
DA:22,6
DA:23,6
DA:24,6
DA:25,6
LF:20
LH:20
BRF:0
BRH:0
FNF:3
FNH:3
end_of_record
SF:/mnt/c/Users/amitp/OneDrive/Documents/GitHub/Shabdkosh/Shabdkosh/Queries/FindDefinitionByKeywordQuery.cs
FN:7,System.String Shabdkosh.Queries.FindDefinitionByKeywordQuery::get_Keyword()
FNDA:8,System.String Shabdkosh.Queries.FindDefinitionByKeywordQuery::get_Keyword()
DA:8,8
LF:1
LH:1
BRF:0
BRH:0
FNF:1
FNH:1
end_of_record
SF:/mnt/c/Users/amitp/OneDrive/Documents/GitHub/Shabdkosh/Shabdkosh/Services/FindDefinitionByKeywordHandler.cs
FN:15,System.Void Shabdkosh.Queries.FindDefinitionByKeywordHandler::.ctor(Shabdkosh.Persistence.ITextFileRepository,Shabdkosh.TextOperations.ITextOperation)
FNDA:4,System.Void Shabdkosh.Queries.FindDefinitionByKeywordHandler::.ctor(Shabdkosh.Persistence.ITextFileRepository,Shabdkosh.TextOperations.ITextOperation)
DA:16,4
DA:18,4
DA:19,4
DA:21,4
BRDA:18,9,0,0
BRDA:18,9,1,4
BRDA:19,31,0,0
BRDA:19,31,1,4
FN:24,System.Void Shabdkosh.Queries.FindDefinitionByKeywordHandler/<Handle>d__3::MoveNext()
FNDA:4,System.Void Shabdkosh.Queries.FindDefinitionByKeywordHandler/<Handle>d__3::MoveNext()
DA:25,4
DA:26,4
DA:27,4
DA:29,4
DA:30,4
DA:31,4
DA:32,4
DA:33,4
DA:34,4
DA:35,2
BRDA:29,67,0,4
BRDA:29,67,1,0
LF:14
LH:14
BRF:6
BRH:3
FNF:2
FNH:2
end_of_record
SF:/mnt/c/Users/amitp/OneDrive/Documents/GitHub/Shabdkosh/Shabdkosh/Persistence/TextFileRepository.cs
FN:11,System.String Shabdkosh.Persistence.TextFileRepository::ReadTextFile()
FNDA:20,System.String Shabdkosh.Persistence.TextFileRepository::ReadTextFile()
DA:12,20
DA:14,10
DA:16,10
DA:18,0
DA:20,10
DA:22,10
DA:26,10
BRDA:16,60,0,0
BRDA:16,60,1,10
LF:7
LH:6
BRF:2
BRH:1
FNF:1
FNH:1
end_of_record
SF:/mnt/c/Users/amitp/OneDrive/Documents/GitHub/Shabdkosh/Shabdkosh/Models/Shabd.cs
FN:4,System.String Shabdkosh.Models.Shabd::get_Word()
FNDA:15,System.String Shabdkosh.Models.Shabd::get_Word()
DA:5,15
FN:6,System.Int32 Shabdkosh.Models.Shabd::get_Occurance()
FNDA:11,System.Int32 Shabdkosh.Models.Shabd::get_Occurance()
DA:7,11
FN:8,System.String Shabdkosh.Models.Shabd::get_Definition()
FNDA:13,System.String Shabdkosh.Models.Shabd::get_Definition()
DA:9,13
LF:3
LH:3
BRF:0
BRH:0
FNF:3
FNH:3
end_of_record
SF:/mnt/c/Users/amitp/OneDrive/Documents/GitHub/Shabdkosh/Shabdkosh/Helpers/ErrorHandlerMiddleware.cs
FN:16,System.Void Shabdkosh.Helpers.ErrorHandlerMiddleware::.ctor(Microsoft.AspNetCore.Http.RequestDelegate)
FNDA:1,System.Void Shabdkosh.Helpers.ErrorHandlerMiddleware::.ctor(Microsoft.AspNetCore.Http.RequestDelegate)
DA:17,1
DA:19,1
DA:20,1
FN:25,System.Void Shabdkosh.Helpers.ErrorHandlerMiddleware/<Invoke>d__2::MoveNext()
FNDA:2,System.Void Shabdkosh.Helpers.ErrorHandlerMiddleware/<Invoke>d__2::MoveNext()
DA:26,2
DA:27,1
DA:28,1
DA:30,1
DA:31,1
DA:37,0
DA:38,0
DA:41,1
DA:42,1
DA:45,0
DA:49,1
DA:50,1
DA:52,2
BRDA:28,167,0,1
BRDA:31,221,0,1
BRDA:31,221,1,0
BRDA:31,234,1,1
BRDA:31,234,0,0
BRDA:49,280,0,0
BRDA:49,280,1,1
BRDA:28,167,1,2
FN:57,System.Void Shabdkosh.Helpers.AppException::.ctor(System.Runtime.Serialization.SerializationInfo,System.Runtime.Serialization.StreamingContext)
FNDA:0,System.Void Shabdkosh.Helpers.AppException::.ctor(System.Runtime.Serialization.SerializationInfo,System.Runtime.Serialization.StreamingContext)
DA:58,0
DA:60,0
FN:61,System.Void Shabdkosh.Helpers.AppException::.ctor(System.String)
FNDA:0,System.Void Shabdkosh.Helpers.AppException::.ctor(System.String)
DA:62,0
FN:64,System.Void Shabdkosh.Helpers.AppException::.ctor(System.String,System.Object[])
FNDA:0,System.Void Shabdkosh.Helpers.AppException::.ctor(System.String,System.Object[])
DA:65,0
DA:67,0
LF:21
LH:13
BRF:8
BRH:5
FNF:5
FNH:2
end_of_record
SF:/mnt/c/Users/amitp/OneDrive/Documents/GitHub/Shabdkosh/Shabdkosh/Controllers/DefaultController.cs
FN:12,Microsoft.AspNetCore.Mvc.IActionResult Shabdkosh.Controllers.DefaultController::Index()
FNDA:0,Microsoft.AspNetCore.Mvc.IActionResult Shabdkosh.Controllers.DefaultController::Index()
DA:13,0
LF:1
LH:0
BRF:0
BRH:0
FNF:1
FNH:0
end_of_record
SF:/mnt/c/Users/amitp/OneDrive/Documents/GitHub/Shabdkosh/Shabdkosh/Controllers/ShabdkoshController.cs
FN:15,System.Void Shabdkosh.Controllers.ShabdkoshController::.ctor(MediatR.IMediator)
FNDA:2,System.Void Shabdkosh.Controllers.ShabdkoshController::.ctor(MediatR.IMediator)
DA:16,2
DA:18,2
DA:19,2
BRDA:18,9,0,0
BRDA:18,9,1,2
FN:46,System.Void Shabdkosh.Controllers.ShabdkoshController/<GetByKeyword>d__2::MoveNext()
FNDA:2,System.Void Shabdkosh.Controllers.ShabdkoshController/<GetByKeyword>d__2::MoveNext()
DA:47,2
DA:48,1
DA:49,1
LF:6
LH:6
BRF:2
BRH:1
FNF:2
FNH:2
end_of_record